MPASM  5.51                  MINI PROJECT.ASM   11-27-2020  20:54:44         PAGE  1


LOC  OBJECT CODE     LINE SOURCE TEXT
  VALUE

                      00001 #include<p18F4550.inc>
                      00001         LIST
                      00002 
                      00003 ;==========================================================================
                      00004 ;  MPASM PIC18F4550 processor include
                      00005 ; 
                      00006 ;  (c) Copyright 1999-2013 Microchip Technology, All rights reserved
                      00007 ;==========================================================================
                      00008 
                      01764         LIST
                      00002         
  00000000            00003 loop_cnt1       set     0x00
  00000001            00004 loop_cnt2       set 0x01
  00000F82            00005 LCDCONT         equ     PORTC
  00000004            00006 RS                      equ     RC4
  00000005            00007 RW                      equ     RC5
  00000006            00008 EN                      equ RC6
                      00009 
000000                00010                         org     0x00
000000 EF0D F000      00011                         goto start
000008                00012                         org     0x08
000008 0010           00013                         retfie
000018                00014                         org     0x18
000018 0010           00015                         retfie
                      00016                 
                      00017 
                      00018 dup_nop         macro kk
                      00019                         variable i
                      00020 i = 0
                      00021                         while i < kk
                      00022                         nop
                      00023 i += 1
                      00024                         endw
                      00025                         endm
                      00026 ;-------Main Program----------- 
00001A 0E0E           00027 start           MOVLW   B'00001110'
00001C 6E94           00028                         MOVWF   TRISC, A
00001E 6A94           00029                         CLRF    TRISC, A
000020 6A95           00030                         CLRF    TRISD, A
000022 6A93           00031                         CLRF    TRISB, A        
000024 6A83           00032                         CLRF    PORTD, A
000026 ECFF F000      00033                         CALL    First
                      00034 
00002A B082           00035 CHECK           BTFSC   PORTC,0, A
00002C D067           00036                         BRA             MyName
00002E 6A83           00037                         CLRF    PORTD, A
000030 B282           00038 CHECK1          BTFSC   PORTC,1, A
000032 D081           00039                         BRA     MyID
000034 6A83           00040                         CLRF    PORTD, A
000036 D7F9           00041                         BRA             CHECK
                      00042                         
000038 EC1F F000      00043 CHECK2          CALL    Keypad
00003C D7F6           00044                         BRA             CHECK
MPASM  5.51                  MINI PROJECT.ASM   11-27-2020  20:54:44         PAGE  2


LOC  OBJECT CODE     LINE SOURCE TEXT
  VALUE

                      00045 
                      00046 ;----------Keypad Subroutine----
00003E EC0F F001      00047 Keypad          CALL    Second
000042 EC6B F000      00048                         CALL    Keypadin
                      00049                         
000046 EC7A F000      00050 ZERO_0          CALL    OUTD
00004A A281           00051                         BTFSS   PORTB,1, A
00004C D002           00052                         BRA             ONE_1
00004E ECCA F000      00053                         CALL    SHOW0
                      00054 
000052 EC6E F000      00055 ONE_1           CALL    OUTA
000056 A081           00056                         BTFSS   PORTB,0, A
000058 D002           00057                         BRA             TWO_2
00005A ECD1 F000      00058                         CALL    SHOW1
                      00059                         
00005E EC6E F000      00060 TWO_2           CALL    OUTA
000062 A281           00061                         BTFSS   PORTB,1, A
000064 D002           00062                         BRA             THREE_3
000066 ECD6 F000      00063                         CALL    SHOW2
                      00064 
00006A EC6E F000      00065 THREE_3         CALL    OUTA
00006E A481           00066                         BTFSS   PORTB,2, A
000070 D002           00067                         BRA             FOUR_4
000072 ECDB F000      00068                         CALL    SHOW3
                      00069 
000076 EC72 F000      00070 FOUR_4          CALL    OUTB
00007A A081           00071                         BTFSS   PORTB,0, A
00007C D002           00072                         BRA             FIVE_5
00007E ECDF F000      00073                         CALL    SHOW4
                      00074 
000082 EC72 F000      00075 FIVE_5          CALL    OUTB
000086 A281           00076                         BTFSS   PORTB,1, A
000088 D002           00077                         BRA             SIX_6
00008A ECE3 F000      00078                         CALL    SHOW5
                      00079 
00008E EC72 F000      00080 SIX_6           CALL    OUTB
000092 A481           00081                         BTFSS   PORTB,2, A
000094 D002           00082                         BRA             SEVEN_7
000096 ECE7 F000      00083                         CALL    SHOW6
                      00084 
00009A EC76 F000      00085 SEVEN_7         CALL    OUTC
00009E A081           00086                         BTFSS   PORTB,0, A
0000A0 D002           00087                         BRA             EIGHT_8
0000A2 ECEB F000      00088                         CALL    SHOW7
                      00089 
0000A6 EC76 F000      00090 EIGHT_8         CALL    OUTC
0000AA A281           00091                         BTFSS   PORTB,1, A
0000AC D002           00092                         BRA             NINE_9
0000AE ECEF F000      00093                         CALL    SHOW8
                      00094 
0000B2 EC76 F000      00095 NINE_9          CALL    OUTC
0000B6 A481           00096                         BTFSS   PORTB,2, A
0000B8 D002           00097                         BRA             STAR
MPASM  5.51                  MINI PROJECT.ASM   11-27-2020  20:54:44         PAGE  3


LOC  OBJECT CODE     LINE SOURCE TEXT
  VALUE

0000BA ECF3 F000      00098                         CALL    SHOW9
                      00099 
0000BE EC7A F000      00100 STAR            CALL    OUTD
0000C2 A081           00101                         BTFSS   PORTB,0,A
0000C4 D002           00102                         BRA             HASTAG
0000C6 ECF7 F000      00103                         CALL    SHOWSTAR
                      00104 
0000CA EC7A F000      00105 HASTAG          CALL    OUTD
0000CE A481           00106                         BTFSS   PORTB,2, A
0000D0 D7FC           00107                         BRA             HASTAG
0000D2 ECFB F000      00108                         CALL    SHOWHASTAG
                      00109 
                      00110                         
                      00111 ;---------- keypad Input------
0000D6 0E0E           00112 Keypadin        MOVLW   B'00001110'
0000D8 6E93           00113                         MOVWF   TRISB, A
0000DA 0012           00114                         RETURN
                      00115 ;----------Keypad Output------
0000DC 8681           00116 OUTA            BSF             PORTB,3, A
0000DE 9881           00117                         BCF             PORTB,4, A
0000E0 9A81           00118                         BCF             PORTB,5, A
0000E2 9C81           00119                         BCF             PORTB,6, A
                      00120 
0000E4 9681           00121 OUTB            BCF             PORTB,3, A
0000E6 8881           00122                         BSF             PORTB,4, A
0000E8 9A81           00123                         BCF             PORTB,5, A
0000EA 9C81           00124                         BCF             PORTB,6, A
                      00125                         
0000EC 9681           00126 OUTC            BCF             PORTB,3, A
0000EE 9881           00127                         BCF             PORTB,4, A
0000F0 8A81           00128                         BSF             PORTB,5, A
0000F2 9C81           00129                         BCF             PORTB,6, A
                      00130 
0000F4 9681           00131 OUTD            BCF             PORTB,3, A
0000F6 9881           00132                         BCF             PORTB,4, A
0000F8 9A81           00133                         BCF             PORTB,5, A
0000FA 8C81           00134                         BSF             PORTB,6, A
                      00135         
                      00136 
                      00137 ;-----------Subroutine for Myname----
                      00138                 
0000FC 0E41           00139 MyName          MOVLW   D'65'
0000FE 6E83           00140                         MOVWF   PORTD, A
000100 ECC3 F000      00141                         CALL    WData
                      00142                         
000104 0E46           00143                         MOVLW   D'70'
000106 6E83           00144                         MOVWF   PORTD, A
000108 ECC3 F000      00145                         CALL    WData
                      00146                         
00010C 0E49           00147                         MOVLW   D'73'
00010E 6E83           00148                         MOVWF   PORTD, A
000110 ECC3 F000      00149                         CALL    WData
                      00150                         
MPASM  5.51                  MINI PROJECT.ASM   11-27-2020  20:54:44         PAGE  4


LOC  OBJECT CODE     LINE SOURCE TEXT
  VALUE

000114 0E51           00151                         MOVLW   D'81'
000116 6E83           00152                         MOVWF   PORTD, A
000118 ECC3 F000      00153                         CALL    WData
                      00154                         
00011C 0E41           00155                         MOVLW   D'65'
00011E 6E83           00156                         MOVWF   PORTD, A
000120 ECC3 F000      00157                         CALL    WData
                      00158                         
000124 0E48           00159                         MOVLW   D'72'
000126 6E83           00160                         MOVWF   PORTD, A
000128 ECC3 F000      00161                         CALL    WData
                      00162                         
00012C 0E01           00163                         MOVLW   0x01
00012E 6E83           00164                         MOVWF   PORTD, A
                      00165 
000130 ECBC F000      00166                         CALL    Comand
000134 D77A           00167                         BRA             CHECK
                      00168 
                      00169 
                      00170 ;-----------Subroutine for my Id------
000136 0E44           00171 MyID            MOVLW   D'68'
000138 6E83           00172                         MOVWF   PORTD, A
00013A ECC3 F000      00173                         CALL    WData
                      00174                         
00013E 0E45           00175                         MOVLW   D'69'
000140 6E83           00176                         MOVWF   PORTD, A
000142 ECC3 F000      00177                         CALL    WData
                      00178                         
000146 0E39           00179                         MOVLW   D'57'
000148 6E83           00180                         MOVWF   PORTD, A
00014A ECC3 F000      00181                         CALL    WData
                      00182                         
00014E 0E36           00183                         MOVLW   D'54'
000150 6E83           00184                         MOVWF   PORTD, A
000152 ECC3 F000      00185                         CALL    WData
                      00186                         
000156 0E35           00187                         MOVLW   D'53'
000158 6E83           00188                         MOVWF   PORTD, A
00015A ECC3 F000      00189                         CALL    WData
                      00190                         
00015E 0E38           00191                         MOVLW   D'56'
000160 6E83           00192                         MOVWF   PORTD, A
000162 ECC3 F000      00193                         CALL    WData
                      00194                         
000166 0E38           00195                         MOVLW   D'56'
000168 6E83           00196                         MOVWF   PORTD, A
00016A ECC3 F000      00197                         CALL    WData
                      00198 
                      00199                         
00016E 0E01           00200                         MOVLW   0x01
000170 6E83           00201                         MOVWF   PORTD, A
000172 ECBC F000      00202                         CALL    Comand
                      00203                         
MPASM  5.51                  MINI PROJECT.ASM   11-27-2020  20:54:44         PAGE  5


LOC  OBJECT CODE     LINE SOURCE TEXT
  VALUE

000176 D75C           00204                         BRA             CHECK1
                      00205 ;----------Subroutine fot LCD comand-----
000178 9882           00206 Comand          BCF             LCDCONT,RS, A ;RS=0
00017A 9A82           00207                         BCF             LCDCONT,RW, A ;RW=0
00017C 8C82           00208                         BSF             LCDCONT,EN, A ;EN=1
00017E EC1F F001      00209                         CALL    DELAY
000182 9C82           00210                         BCF             LCDCONT,EN, A ;EN=1
000184 0012           00211                         RETURN
                      00212 
                      00213         
                      00214 ;--------Subroutine for write Data-----                 
000186 8882           00215 WData           BSF             LCDCONT,RS, A ;RS=0
000188 9A82           00216                         BCF             LCDCONT,RW, A ;RW=0
00018A 8C82           00217                         BSF             LCDCONT,EN, A ;EN=1
00018C EC1F F001      00218                         CALL    DELAY
000190 9C82           00219                         BCF             LCDCONT,EN, A ;EN=1
000192 0012           00220                         RETURN
                      00221 
                      00222 
                      00223 ;--------Subroutine for keypad num------
000194 ECBC F000      00224 SHOW0           CALL    Comand
000198 0E30           00225                         MOVLW   D'48'
00019A 6E83           00226                         MOVWF   PORTD, A
00019C ECC3 F000      00227                         CALL    WData
0001A0 0012           00228                         RETURN  
                      00229 
0001A2 0E31           00230 SHOW1           MOVLW   D'49'
0001A4 6E83           00231                         MOVWF   PORTD, A
0001A6 ECC3 F000      00232                         CALL    WData
0001AA 0012           00233                         RETURN  
                      00234 
0001AC 0E32           00235 SHOW2           MOVLW   D'50'
0001AE 6E83           00236                         MOVWF   PORTD, A
0001B0 ECC3 F000      00237                         CALL    WData
0001B4 0012           00238                         RETURN
                      00239 
0001B6 0E33           00240 SHOW3           MOVLW   D'51'
0001B8 6E83           00241                         MOVWF   PORTD, A
0001BA ECC3 F000      00242                         CALL    WData
                      00243 
                      00244 
0001BE 0E34           00245 SHOW4           MOVLW   D'52'
0001C0 6E83           00246                         MOVWF   PORTD, A
0001C2 ECC3 F000      00247                         CALL    WData
                      00248 
0001C6 0E35           00249 SHOW5           MOVLW   D'53'
0001C8 6E83           00250                         MOVWF   PORTD, A
0001CA ECC3 F000      00251                         CALL    WData
                      00252 
                      00253 
0001CE 0E36           00254 SHOW6           MOVLW   D'54'
0001D0 6E83           00255                         MOVWF   PORTD, A
0001D2 ECC3 F000      00256                         CALL    WData
MPASM  5.51                  MINI PROJECT.ASM   11-27-2020  20:54:44         PAGE  6


LOC  OBJECT CODE     LINE SOURCE TEXT
  VALUE

                      00257 
0001D6 0E37           00258 SHOW7           MOVLW   D'55'
0001D8 6E83           00259                         MOVWF   PORTD, A
0001DA ECC3 F000      00260                         CALL    WData
                      00261 
0001DE 0E38           00262 SHOW8           MOVLW   D'56'
0001E0 6E83           00263                         MOVWF   PORTD, A
0001E2 ECC3 F000      00264                         CALL    WData
                      00265 
0001E6 0E39           00266 SHOW9           MOVLW   D'57'
0001E8 6E83           00267                         MOVWF   PORTD, A
0001EA ECC3 F000      00268                         CALL    WData
                      00269 
0001EE 0E2A           00270 SHOWSTAR        MOVLW   D'42'
0001F0 6E83           00271                         MOVWF   PORTD, A
0001F2 ECC3 F000      00272                         CALL    WData
                      00273 
0001F6 0E23           00274 SHOWHASTAG      MOVLW   D'35'
0001F8 6E83           00275                         MOVWF   PORTD, A
0001FA ECC3 F000      00276                         CALL    WData
                      00277 ;----------Subroutine for line----------                
0001FE 0E38           00278 First           MOVLW   0x38
000200 6E83           00279                         MOVWF   PORTD, A
                      00280 
000202 ECBC F000      00281                         CALL    Comand
                      00282                         
000206 0E0F           00283                         MOVLW   0x0F
000208 6E83           00284                         MOVWF   PORTD, A
                      00285 
00020A ECBC F000      00286                         CALL    Comand
                      00287                         
00020E 0E01           00288                         MOVLW   0x01
000210 6E83           00289                         MOVWF   PORTD, A
                      00290 
000212 ECBC F000      00291                         CALL    Comand
                      00292                         
000216 0E80           00293                         MOVLW   0x80
000218 6E83           00294                         MOVWF   PORTD, A
                      00295 
00021A ECBC F000      00296                         CALL    Comand  
                      00297 
00021E 0EC0           00298 Second          MOVLW   0xC0
000220 6E83           00299                         MOVWF   PORTD, A
                      00300 
000222 ECBC F000      00301                         CALL    Comand
                      00302                         
000226 0E0F           00303                         MOVLW   0x0F
000228 6E83           00304                         MOVWF   PORTD, A
                      00305 
00022A ECBC F000      00306                         CALL    Comand
                      00307                         
00022E 0E01           00308                         MOVLW   0x01
000230 6E83           00309                         MOVWF   PORTD, A
MPASM  5.51                  MINI PROJECT.ASM   11-27-2020  20:54:44         PAGE  7


LOC  OBJECT CODE     LINE SOURCE TEXT
  VALUE

                      00310 
000232 ECBC F000      00311                         CALL    Comand
                      00312                         
000236 0E80           00313                         MOVLW   0x80
000238 6E83           00314                         MOVWF   PORTD, A
                      00315 
00023A ECBC F000      00316                         CALL    Comand  
                      00317 
                      00318 
                      00319 
00023E 0E50           00320 DELAY           MOVLW D'80'             ;1sec delay subroutine for (external loop)
000240 6E01           00321                         MOVWF loop_cnt2,A
000242 0EFA           00322 AGAIN1          MOVLW D'250'            ;internal loop
000244 6E00           00323                         MOVWF loop_cnt1, A
                      00324 AGAIN2          dup_nop    D'247'
  0000                    M                         variable i
  00000000                M i = 0
                          M                         while i < D'247'
000246 0000               M                         nop
  00000001                M i += 1
000248 0000               M                         nop
  00000002                M i += 1
00024A 0000               M                         nop
  00000003                M i += 1
00024C 0000               M                         nop
  00000004                M i += 1
00024E 0000               M                         nop
  00000005                M i += 1
000250 0000               M                         nop
  00000006                M i += 1
000252 0000               M                         nop
  00000007                M i += 1
000254 0000               M                         nop
  00000008                M i += 1
000256 0000               M                         nop
  00000009                M i += 1
000258 0000               M                         nop
  0000000A                M i += 1
00025A 0000               M                         nop
  0000000B                M i += 1
00025C 0000               M                         nop
  0000000C                M i += 1
00025E 0000               M                         nop
  0000000D                M i += 1
000260 0000               M                         nop
  0000000E                M i += 1
000262 0000               M                         nop
  0000000F                M i += 1
000264 0000               M                         nop
  00000010                M i += 1
000266 0000               M                         nop
  00000011                M i += 1
000268 0000               M                         nop
MPASM  5.51                  MINI PROJECT.ASM   11-27-2020  20:54:44         PAGE  8


LOC  OBJECT CODE     LINE SOURCE TEXT
  VALUE

  00000012                M i += 1
00026A 0000               M                         nop
  00000013                M i += 1
00026C 0000               M                         nop
  00000014                M i += 1
00026E 0000               M                         nop
  00000015                M i += 1
000270 0000               M                         nop
  00000016                M i += 1
000272 0000               M                         nop
  00000017                M i += 1
000274 0000               M                         nop
  00000018                M i += 1
000276 0000               M                         nop
  00000019                M i += 1
000278 0000               M                         nop
  0000001A                M i += 1
00027A 0000               M                         nop
  0000001B                M i += 1
00027C 0000               M                         nop
  0000001C                M i += 1
00027E 0000               M                         nop
  0000001D                M i += 1
000280 0000               M                         nop
  0000001E                M i += 1
000282 0000               M                         nop
  0000001F                M i += 1
000284 0000               M                         nop
  00000020                M i += 1
000286 0000               M                         nop
  00000021                M i += 1
000288 0000               M                         nop
  00000022                M i += 1
00028A 0000               M                         nop
  00000023                M i += 1
00028C 0000               M                         nop
  00000024                M i += 1
00028E 0000               M                         nop
  00000025                M i += 1
000290 0000               M                         nop
  00000026                M i += 1
000292 0000               M                         nop
  00000027                M i += 1
000294 0000               M                         nop
  00000028                M i += 1
000296 0000               M                         nop
  00000029                M i += 1
000298 0000               M                         nop
  0000002A                M i += 1
00029A 0000               M                         nop
  0000002B                M i += 1
00029C 0000               M                         nop
  0000002C                M i += 1
MPASM  5.51                  MINI PROJECT.ASM   11-27-2020  20:54:44         PAGE  9


LOC  OBJECT CODE     LINE SOURCE TEXT
  VALUE

00029E 0000               M                         nop
  0000002D                M i += 1
0002A0 0000               M                         nop
  0000002E                M i += 1
0002A2 0000               M                         nop
  0000002F                M i += 1
0002A4 0000               M                         nop
  00000030                M i += 1
0002A6 0000               M                         nop
  00000031                M i += 1
0002A8 0000               M                         nop
  00000032                M i += 1
0002AA 0000               M                         nop
  00000033                M i += 1
0002AC 0000               M                         nop
  00000034                M i += 1
0002AE 0000               M                         nop
  00000035                M i += 1
0002B0 0000               M                         nop
  00000036                M i += 1
0002B2 0000               M                         nop
  00000037                M i += 1
0002B4 0000               M                         nop
  00000038                M i += 1
0002B6 0000               M                         nop
  00000039                M i += 1
0002B8 0000               M                         nop
  0000003A                M i += 1
0002BA 0000               M                         nop
  0000003B                M i += 1
0002BC 0000               M                         nop
  0000003C                M i += 1
0002BE 0000               M                         nop
  0000003D                M i += 1
0002C0 0000               M                         nop
  0000003E                M i += 1
0002C2 0000               M                         nop
  0000003F                M i += 1
0002C4 0000               M                         nop
  00000040                M i += 1
0002C6 0000               M                         nop
  00000041                M i += 1
0002C8 0000               M                         nop
  00000042                M i += 1
0002CA 0000               M                         nop
  00000043                M i += 1
0002CC 0000               M                         nop
  00000044                M i += 1
0002CE 0000               M                         nop
  00000045                M i += 1
0002D0 0000               M                         nop
  00000046                M i += 1
0002D2 0000               M                         nop
MPASM  5.51                  MINI PROJECT.ASM   11-27-2020  20:54:44         PAGE 10


LOC  OBJECT CODE     LINE SOURCE TEXT
  VALUE

  00000047                M i += 1
0002D4 0000               M                         nop
  00000048                M i += 1
0002D6 0000               M                         nop
  00000049                M i += 1
0002D8 0000               M                         nop
  0000004A                M i += 1
0002DA 0000               M                         nop
  0000004B                M i += 1
0002DC 0000               M                         nop
  0000004C                M i += 1
0002DE 0000               M                         nop
  0000004D                M i += 1
0002E0 0000               M                         nop
  0000004E                M i += 1
0002E2 0000               M                         nop
  0000004F                M i += 1
0002E4 0000               M                         nop
  00000050                M i += 1
0002E6 0000               M                         nop
  00000051                M i += 1
0002E8 0000               M                         nop
  00000052                M i += 1
0002EA 0000               M                         nop
  00000053                M i += 1
0002EC 0000               M                         nop
  00000054                M i += 1
0002EE 0000               M                         nop
  00000055                M i += 1
0002F0 0000               M                         nop
  00000056                M i += 1
0002F2 0000               M                         nop
  00000057                M i += 1
0002F4 0000               M                         nop
  00000058                M i += 1
0002F6 0000               M                         nop
  00000059                M i += 1
0002F8 0000               M                         nop
  0000005A                M i += 1
0002FA 0000               M                         nop
  0000005B                M i += 1
0002FC 0000               M                         nop
  0000005C                M i += 1
0002FE 0000               M                         nop
  0000005D                M i += 1
000300 0000               M                         nop
  0000005E                M i += 1
000302 0000               M                         nop
  0000005F                M i += 1
000304 0000               M                         nop
  00000060                M i += 1
000306 0000               M                         nop
  00000061                M i += 1
MPASM  5.51                  MINI PROJECT.ASM   11-27-2020  20:54:44         PAGE 11


LOC  OBJECT CODE     LINE SOURCE TEXT
  VALUE

000308 0000               M                         nop
  00000062                M i += 1
00030A 0000               M                         nop
  00000063                M i += 1
00030C 0000               M                         nop
  00000064                M i += 1
00030E 0000               M                         nop
  00000065                M i += 1
000310 0000               M                         nop
  00000066                M i += 1
000312 0000               M                         nop
  00000067                M i += 1
000314 0000               M                         nop
  00000068                M i += 1
000316 0000               M                         nop
  00000069                M i += 1
000318 0000               M                         nop
  0000006A                M i += 1
00031A 0000               M                         nop
  0000006B                M i += 1
00031C 0000               M                         nop
  0000006C                M i += 1
00031E 0000               M                         nop
  0000006D                M i += 1
000320 0000               M                         nop
  0000006E                M i += 1
000322 0000               M                         nop
  0000006F                M i += 1
000324 0000               M                         nop
  00000070                M i += 1
000326 0000               M                         nop
  00000071                M i += 1
000328 0000               M                         nop
  00000072                M i += 1
00032A 0000               M                         nop
  00000073                M i += 1
00032C 0000               M                         nop
  00000074                M i += 1
00032E 0000               M                         nop
  00000075                M i += 1
000330 0000               M                         nop
  00000076                M i += 1
000332 0000               M                         nop
  00000077                M i += 1
000334 0000               M                         nop
  00000078                M i += 1
000336 0000               M                         nop
  00000079                M i += 1
000338 0000               M                         nop
  0000007A                M i += 1
00033A 0000               M                         nop
  0000007B                M i += 1
00033C 0000               M                         nop
MPASM  5.51                  MINI PROJECT.ASM   11-27-2020  20:54:44         PAGE 12


LOC  OBJECT CODE     LINE SOURCE TEXT
  VALUE

  0000007C                M i += 1
00033E 0000               M                         nop
  0000007D                M i += 1
000340 0000               M                         nop
  0000007E                M i += 1
000342 0000               M                         nop
  0000007F                M i += 1
000344 0000               M                         nop
  00000080                M i += 1
000346 0000               M                         nop
  00000081                M i += 1
000348 0000               M                         nop
  00000082                M i += 1
00034A 0000               M                         nop
  00000083                M i += 1
00034C 0000               M                         nop
  00000084                M i += 1
00034E 0000               M                         nop
  00000085                M i += 1
000350 0000               M                         nop
  00000086                M i += 1
000352 0000               M                         nop
  00000087                M i += 1
000354 0000               M                         nop
  00000088                M i += 1
000356 0000               M                         nop
  00000089                M i += 1
000358 0000               M                         nop
  0000008A                M i += 1
00035A 0000               M                         nop
  0000008B                M i += 1
00035C 0000               M                         nop
  0000008C                M i += 1
00035E 0000               M                         nop
  0000008D                M i += 1
000360 0000               M                         nop
  0000008E                M i += 1
000362 0000               M                         nop
  0000008F                M i += 1
000364 0000               M                         nop
  00000090                M i += 1
000366 0000               M                         nop
  00000091                M i += 1
000368 0000               M                         nop
  00000092                M i += 1
00036A 0000               M                         nop
  00000093                M i += 1
00036C 0000               M                         nop
  00000094                M i += 1
00036E 0000               M                         nop
  00000095                M i += 1
000370 0000               M                         nop
  00000096                M i += 1
MPASM  5.51                  MINI PROJECT.ASM   11-27-2020  20:54:44         PAGE 13


LOC  OBJECT CODE     LINE SOURCE TEXT
  VALUE

000372 0000               M                         nop
  00000097                M i += 1
000374 0000               M                         nop
  00000098                M i += 1
000376 0000               M                         nop
  00000099                M i += 1
000378 0000               M                         nop
  0000009A                M i += 1
00037A 0000               M                         nop
  0000009B                M i += 1
00037C 0000               M                         nop
  0000009C                M i += 1
00037E 0000               M                         nop
  0000009D                M i += 1
000380 0000               M                         nop
  0000009E                M i += 1
000382 0000               M                         nop
  0000009F                M i += 1
000384 0000               M                         nop
  000000A0                M i += 1
000386 0000               M                         nop
  000000A1                M i += 1
000388 0000               M                         nop
  000000A2                M i += 1
00038A 0000               M                         nop
  000000A3                M i += 1
00038C 0000               M                         nop
  000000A4                M i += 1
00038E 0000               M                         nop
  000000A5                M i += 1
000390 0000               M                         nop
  000000A6                M i += 1
000392 0000               M                         nop
  000000A7                M i += 1
000394 0000               M                         nop
  000000A8                M i += 1
000396 0000               M                         nop
  000000A9                M i += 1
000398 0000               M                         nop
  000000AA                M i += 1
00039A 0000               M                         nop
  000000AB                M i += 1
00039C 0000               M                         nop
  000000AC                M i += 1
00039E 0000               M                         nop
  000000AD                M i += 1
0003A0 0000               M                         nop
  000000AE                M i += 1
0003A2 0000               M                         nop
  000000AF                M i += 1
0003A4 0000               M                         nop
  000000B0                M i += 1
0003A6 0000               M                         nop
MPASM  5.51                  MINI PROJECT.ASM   11-27-2020  20:54:44         PAGE 14


LOC  OBJECT CODE     LINE SOURCE TEXT
  VALUE

  000000B1                M i += 1
0003A8 0000               M                         nop
  000000B2                M i += 1
0003AA 0000               M                         nop
  000000B3                M i += 1
0003AC 0000               M                         nop
  000000B4                M i += 1
0003AE 0000               M                         nop
  000000B5                M i += 1
0003B0 0000               M                         nop
  000000B6                M i += 1
0003B2 0000               M                         nop
  000000B7                M i += 1
0003B4 0000               M                         nop
  000000B8                M i += 1
0003B6 0000               M                         nop
  000000B9                M i += 1
0003B8 0000               M                         nop
  000000BA                M i += 1
0003BA 0000               M                         nop
  000000BB                M i += 1
0003BC 0000               M                         nop
  000000BC                M i += 1
0003BE 0000               M                         nop
  000000BD                M i += 1
0003C0 0000               M                         nop
  000000BE                M i += 1
0003C2 0000               M                         nop
  000000BF                M i += 1
0003C4 0000               M                         nop
  000000C0                M i += 1
0003C6 0000               M                         nop
  000000C1                M i += 1
0003C8 0000               M                         nop
  000000C2                M i += 1
0003CA 0000               M                         nop
  000000C3                M i += 1
0003CC 0000               M                         nop
  000000C4                M i += 1
0003CE 0000               M                         nop
  000000C5                M i += 1
0003D0 0000               M                         nop
  000000C6                M i += 1
0003D2 0000               M                         nop
  000000C7                M i += 1
0003D4 0000               M                         nop
  000000C8                M i += 1
0003D6 0000               M                         nop
  000000C9                M i += 1
0003D8 0000               M                         nop
  000000CA                M i += 1
0003DA 0000               M                         nop
  000000CB                M i += 1
MPASM  5.51                  MINI PROJECT.ASM   11-27-2020  20:54:44         PAGE 15


LOC  OBJECT CODE     LINE SOURCE TEXT
  VALUE

0003DC 0000               M                         nop
  000000CC                M i += 1
0003DE 0000               M                         nop
  000000CD                M i += 1
0003E0 0000               M                         nop
  000000CE                M i += 1
0003E2 0000               M                         nop
  000000CF                M i += 1
0003E4 0000               M                         nop
  000000D0                M i += 1
0003E6 0000               M                         nop
  000000D1                M i += 1
0003E8 0000               M                         nop
  000000D2                M i += 1
0003EA 0000               M                         nop
  000000D3                M i += 1
0003EC 0000               M                         nop
  000000D4                M i += 1
0003EE 0000               M                         nop
  000000D5                M i += 1
0003F0 0000               M                         nop
  000000D6                M i += 1
0003F2 0000               M                         nop
  000000D7                M i += 1
0003F4 0000               M                         nop
  000000D8                M i += 1
0003F6 0000               M                         nop
  000000D9                M i += 1
0003F8 0000               M                         nop
  000000DA                M i += 1
0003FA 0000               M                         nop
  000000DB                M i += 1
0003FC 0000               M                         nop
  000000DC                M i += 1
0003FE 0000               M                         nop
  000000DD                M i += 1
000400 0000               M                         nop
  000000DE                M i += 1
000402 0000               M                         nop
  000000DF                M i += 1
000404 0000               M                         nop
  000000E0                M i += 1
000406 0000               M                         nop
  000000E1                M i += 1
000408 0000               M                         nop
  000000E2                M i += 1
00040A 0000               M                         nop
  000000E3                M i += 1
00040C 0000               M                         nop
  000000E4                M i += 1
00040E 0000               M                         nop
  000000E5                M i += 1
000410 0000               M                         nop
MPASM  5.51                  MINI PROJECT.ASM   11-27-2020  20:54:44         PAGE 16


LOC  OBJECT CODE     LINE SOURCE TEXT
  VALUE

  000000E6                M i += 1
000412 0000               M                         nop
  000000E7                M i += 1
000414 0000               M                         nop
  000000E8                M i += 1
000416 0000               M                         nop
  000000E9                M i += 1
000418 0000               M                         nop
  000000EA                M i += 1
00041A 0000               M                         nop
  000000EB                M i += 1
00041C 0000               M                         nop
  000000EC                M i += 1
00041E 0000               M                         nop
  000000ED                M i += 1
000420 0000               M                         nop
  000000EE                M i += 1
000422 0000               M                         nop
  000000EF                M i += 1
000424 0000               M                         nop
  000000F0                M i += 1
000426 0000               M                         nop
  000000F1                M i += 1
000428 0000               M                         nop
  000000F2                M i += 1
00042A 0000               M                         nop
  000000F3                M i += 1
00042C 0000               M                         nop
  000000F4                M i += 1
00042E 0000               M                         nop
  000000F5                M i += 1
000430 0000               M                         nop
  000000F6                M i += 1
000432 0000               M                         nop
  000000F7                M i += 1
                          M                         endw
000434 2E00           00325                         DECFSZ     loop_cnt1,F,A
000436 D707           00326                         BRA            AGAIN2
000438 2E01           00327                         DECFSZ     loop_cnt2,F,A
00043A D703           00328                         BRA                AGAIN1
00043C 0000           00329                         NOP
00043E 0012           00330                         RETURN
                      00331                         
                      00332                         END
MPASM  5.51                  MINI PROJECT.ASM   11-27-2020  20:54:44         PAGE 17


SYMBOL TABLE
  LABEL                             VALUE 

A                                 00000000
ABDEN                             00000000
ABDOVF                            00000007
ACCESS                            00000000
ACKDT                             00000005
ACKEN                             00000004
ACKSTAT                           00000006
ACQT0                             00000003
ACQT1                             00000004
ACQT2                             00000005
ACTVIE                            00000002
ACTVIF                            00000002
ADCON0                            00000FC2
ADCON1                            00000FC1
ADCON2                            00000FC0
ADCS0                             00000000
ADCS1                             00000001
ADCS2                             00000002
ADDEN                             00000003
ADDR0                             00000000
ADDR1                             00000001
ADDR2                             00000002
ADDR3                             00000003
ADDR4                             00000004
ADDR5                             00000005
ADDR6                             00000006
ADEN                              00000003
ADFM                              00000007
ADIE                              00000006
ADIF                              00000006
ADIP                              00000006
ADON                              00000000
ADRES                             00000FC3
ADRESH                            00000FC4
ADRESL                            00000FC3
AGAIN1                            00000242
AGAIN2                            00000246
AN0                               00000000
AN1                               00000001
AN2                               00000002
AN3                               00000003
AN4                               00000005
BANKED                            00000001
BAUDCON                           00000FB8
BAUDCTL                           00000FB8
BCLIE                             00000003
BCLIF                             00000003
BCLIP                             00000003
BF                                00000000
BGST                              00000005
BOR                               00000000
BRG16                             00000003
BRGH                              00000002
MPASM  5.51                  MINI PROJECT.ASM   11-27-2020  20:54:44         PAGE 18


SYMBOL TABLE
  LABEL                             VALUE 

BSR                               00000FE0
BTOEE                             00000004
BTOEF                             00000004
BTSEE                             00000007
BTSEF                             00000007
C                                 00000000
C1INV                             00000004
C1OUT                             00000006
C2INV                             00000005
C2OUT                             00000007
CCP1                              00000002
CCP1AS                            00000FB6
CCP1CON                           00000FBD
CCP1DEL                           00000FB7
CCP1IE                            00000002
CCP1IF                            00000002
CCP1IP                            00000002
CCP1M0                            00000000
CCP1M1                            00000001
CCP1M2                            00000002
CCP1M3                            00000003
CCP2CON                           00000FBA
CCP2IE                            00000000
CCP2IF                            00000000
CCP2IP                            00000000
CCP2M0                            00000000
CCP2M1                            00000001
CCP2M2                            00000002
CCP2M3                            00000003
CCPR1                             00000FBE
CCPR1H                            00000FBF
CCPR1L                            00000FBE
CCPR2                             00000FBB
CCPR2H                            00000FBC
CCPR2L                            00000FBB
CFGS                              00000006
CHECK                             0000002A
CHECK1                            00000030
CHECK2                            00000038
CHS0                              00000002
CHS1                              00000003
CHS2                              00000004
CHS3                              00000005
CIS                               00000003
CK                                00000006
CK1SPP                            00000000
CK2SPP                            00000001
CKE                               00000006
CKP                               00000004
CLK1EN                            00000004
CLKCFG0                           00000006
CLKCFG1                           00000007
CM0                               00000000
MPASM  5.51                  MINI PROJECT.ASM   11-27-2020  20:54:44         PAGE 19


SYMBOL TABLE
  LABEL                             VALUE 

CM1                               00000001
CM2                               00000002
CMCON                             00000FB4
CMIE                              00000006
CMIF                              00000006
CMIP                              00000006
CRC16EE                           00000002
CRC16EF                           00000002
CRC5EE                            00000001
CRC5EF                            00000001
CREN                              00000004
CSEN                              00000005
CSRC                              00000007
CVR0                              00000000
CVR1                              00000001
CVR2                              00000002
CVR3                              00000003
CVRCON                            00000FB5
CVREF                             00000004
CVREN                             00000007
CVROE                             00000006
CVRR                              00000005
CVRSS                             00000004
Comand                            00000178
D                                 00000005
DATA_ADDRESS                      00000005
DC                                00000001
DC1B0                             00000004
DC1B1                             00000005
DC2B0                             00000004
DC2B1                             00000005
DDRA                              TRISA
DDRB                              TRISB
DDRC                              TRISC
DDRD                              TRISD
DDRE                              TRISE
DELAY                             0000023E
DFN8EE                            00000003
DFN8EF                            00000003
DIR                               00000002
DONE                              00000001
D_A                               00000005
D_NOT_A                           00000005
ECCP1AS                           00000FB6
ECCP1CON                          00000FBD
ECCP1DEL                          00000FB7
ECCPAS0                           00000004
ECCPAS1                           00000005
ECCPAS2                           00000006
ECCPASE                           00000007
EEADR                             00000FA9
EECON1                            00000FA6
EECON2                            00000FA7
MPASM  5.51                  MINI PROJECT.ASM   11-27-2020  20:54:44         PAGE 20


SYMBOL TABLE
  LABEL                             VALUE 

EEDATA                            00000FA8
EEIE                              00000004
EEIF                              00000004
EEIP                              00000004
EEPGD                             00000007
EIGHT_8                           000000A6
EN                                00000006
ENDP0                             00000003
ENDP1                             00000004
ENDP2                             00000005
ENDP3                             00000006
EPCONDIS                          00000003
EPHSHK                            00000004
EPINEN                            00000001
EPOUTEN                           00000002
EPSTALL                           00000000
FAST                              00000001
FERR                              00000002
FIVE_5                            00000082
FLTS                              00000002
FOUR_4                            00000076
FREE                              00000004
FRM0                              00000000
FRM1                              00000001
FRM10                             00000002
FRM2                              00000002
FRM3                              00000003
FRM4                              00000004
FRM5                              00000005
FRM6                              00000006
FRM7                              00000007
FRM8                              00000000
FRM9                              00000001
FSEN                              00000002
FSR0                              00000000
FSR0H                             00000FEA
FSR0L                             00000FE9
FSR1                              00000001
FSR1H                             00000FE2
FSR1L                             00000FE1
FSR2                              00000002
FSR2H                             00000FDA
FSR2L                             00000FD9
First                             000001FE
GCEN                              00000007
GIE                               00000007
GIEH                              00000007
GIEL                              00000006
GIE_GIEH                          00000007
GO                                00000001
GO_DONE                           00000001
GO_NOT_DONE                       00000001
HASTAG                            000000CA
MPASM  5.51                  MINI PROJECT.ASM   11-27-2020  20:54:44         PAGE 21


SYMBOL TABLE
  LABEL                             VALUE 

HLVDCON                           00000FD2
HLVDEN                            00000004
HLVDIE                            00000002
HLVDIF                            00000002
HLVDIN                            00000005
HLVDIP                            00000002
HLVDL0                            00000000
HLVDL1                            00000001
HLVDL2                            00000002
HLVDL3                            00000003
I2C_DAT                           00000005
I2C_READ                          00000002
I2C_START                         00000003
I2C_STOP                          00000004
IDLEIE                            00000004
IDLEIF                            00000004
IDLEN                             00000007
INDF0                             00000FEF
INDF1                             00000FE7
INDF2                             00000FDF
INT0                              00000000
INT0E                             00000004
INT0F                             00000001
INT0IE                            00000004
INT0IF                            00000001
INT1                              00000001
INT1E                             00000003
INT1F                             00000000
INT1IE                            00000003
INT1IF                            00000000
INT1IP                            00000006
INT1P                             00000006
INT2                              00000002
INT2E                             00000004
INT2F                             00000001
INT2IE                            00000004
INT2IF                            00000001
INT2IP                            00000007
INT2P                             00000007
INTCON                            00000FF2
INTCON2                           00000FF1
INTCON3                           00000FF0
INTEDG0                           00000006
INTEDG1                           00000005
INTEDG2                           00000004
INTSRC                            00000007
IOFS                              00000002
IPEN                              00000007
IPR1                              00000F9F
IPR2                              00000FA2
IRCF0                             00000004
IRCF1                             00000005
IRCF2                             00000006
MPASM  5.51                  MINI PROJECT.ASM   11-27-2020  20:54:44         PAGE 22


SYMBOL TABLE
  LABEL                             VALUE 

IRVST                             00000005
IVRST                             00000005
Keypad                            0000003E
Keypadin                          000000D6
LATA                              00000F89
LATA0                             00000000
LATA1                             00000001
LATA2                             00000002
LATA3                             00000003
LATA4                             00000004
LATA5                             00000005
LATA6                             00000006
LATB                              00000F8A
LATB0                             00000000
LATB1                             00000001
LATB2                             00000002
LATB3                             00000003
LATB4                             00000004
LATB5                             00000005
LATB6                             00000006
LATB7                             00000007
LATC                              00000F8B
LATC0                             00000000
LATC1                             00000001
LATC2                             00000002
LATC6                             00000006
LATC7                             00000007
LATD                              00000F8C
LATD0                             00000000
LATD1                             00000001
LATD2                             00000002
LATD3                             00000003
LATD4                             00000004
LATD5                             00000005
LATD6                             00000006
LATD7                             00000007
LATE                              00000F8D
LATE0                             00000000
LATE1                             00000001
LATE2                             00000002
LCDCONT                           00000F82
LVDCON                            00000FD2
LVDEN                             00000004
LVDIE                             00000002
LVDIF                             00000002
LVDIN                             00000005
LVDIP                             00000002
LVDL0                             00000000
LVDL1                             00000001
LVDL2                             00000002
LVDL3                             00000003
LVV0                              00000000
LVV1                              00000001
MPASM  5.51                  MINI PROJECT.ASM   11-27-2020  20:54:44         PAGE 23


SYMBOL TABLE
  LABEL                             VALUE 

LVV2                              00000002
LVV3                              00000003
MyID                              00000136
MyName                            000000FC
N                                 00000004
NINE_9                            000000B2
NOT_A                             00000005
NOT_ADDRESS                       00000005
NOT_BOR                           00000000
NOT_DONE                          00000001
NOT_IPEN                          00000007
NOT_PD                            00000002
NOT_POR                           00000001
NOT_RBPU                          00000007
NOT_RI                            00000004
NOT_T1SYNC                        00000002
NOT_T3SYNC                        00000002
NOT_TO                            00000003
NOT_W                             00000002
NOT_WRITE                         00000002
OERR                              00000001
OESPP                             00000002
ONE_1                             00000052
OSC2                              00000006
OSCCON                            00000FD3
OSCFIE                            00000007
OSCFIF                            00000007
OSCFIP                            00000007
OSCTUNE                           00000F9B
OSTS                              00000003
OUTA                              000000DC
OUTB                              000000E4
OUTC                              000000EC
OUTD                              000000F4
OV                                00000003
P                                 00000004
P1A                               00000002
P1M0                              00000006
P1M1                              00000007
PC                                00000FF9
PCFG0                             00000000
PCFG1                             00000001
PCFG2                             00000002
PCFG3                             00000003
PCL                               00000FF9
PCLATH                            00000FFA
PCLATU                            00000FFB
PD                                00000002
PDC0                              00000000
PDC1                              00000001
PDC2                              00000002
PDC3                              00000003
PDC4                              00000004
MPASM  5.51                  MINI PROJECT.ASM   11-27-2020  20:54:44         PAGE 24


SYMBOL TABLE
  LABEL                             VALUE 

PDC5                              00000005
PDC6                              00000006
PEIE                              00000006
PEIE_GIEL                         00000006
PEN                               00000002
PGC                               00000006
PGD                               00000007
PGM                               00000005
PIDEE                             00000000
PIDEF                             00000000
PIE1                              00000F9D
PIE2                              00000FA0
PIR1                              00000F9E
PIR2                              00000FA1
PKTDIS                            00000004
PLUSW0                            00000FEB
PLUSW1                            00000FE3
PLUSW2                            00000FDB
POR                               00000001
PORTA                             00000F80
PORTB                             00000F81
PORTC                             00000F82
PORTD                             00000F83
PORTE                             00000F84
POSTDEC0                          00000FED
POSTDEC1                          00000FE5
POSTDEC2                          00000FDD
POSTINC0                          00000FEE
POSTINC1                          00000FE6
POSTINC2                          00000FDE
PPB0                              00000000
PPB1                              00000001
PPBI                              00000001
PPBRST                            00000006
PR2                               00000FCB
PREINC0                           00000FEC
PREINC1                           00000FE4
PREINC2                           00000FDC
PROD                              00000FF3
PRODH                             00000FF4
PRODL                             00000FF3
PRSEN                             00000007
PSA                               00000003
PSSAC0                            00000002
PSSAC1                            00000003
PSSBD0                            00000000
PSSBD1                            00000001
R                                 00000002
RA0                               00000000
RA1                               00000001
RA2                               00000002
RA3                               00000003
RA4                               00000004
MPASM  5.51                  MINI PROJECT.ASM   11-27-2020  20:54:44         PAGE 25


SYMBOL TABLE
  LABEL                             VALUE 

RA5                               00000005
RA6                               00000006
RB0                               00000000
RB1                               00000001
RB2                               00000002
RB3                               00000003
RB4                               00000004
RB5                               00000005
RB6                               00000006
RB7                               00000007
RBIE                              00000003
RBIF                              00000000
RBIP                              00000000
RBPU                              00000007
RC0                               00000000
RC1                               00000001
RC2                               00000002
RC4                               00000004
RC5                               00000005
RC6                               00000006
RC7                               00000007
RCEN                              00000003
RCIDL                             00000006
RCIE                              00000005
RCIF                              00000005
RCIP                              00000005
RCMT                              00000006
RCON                              00000FD0
RCREG                             00000FAE
RCSTA                             00000FAB
RD                                00000000
RD0                               00000000
RD1                               00000001
RD16                              00000007
RD2                               00000002
RD3                               00000003
RD4                               00000004
RD5                               00000005
RD6                               00000006
RD7                               00000007
RDPU                              00000007
RDSPP                             00000007
RE0                               00000000
RE1                               00000001
RE2                               00000002
RE3                               00000003
READ_WRITE                        00000002
RESUME                            00000002
RI                                00000004
RS                                00000004
RSEN                              00000001
RW                                00000005
RX                                00000007
MPASM  5.51                  MINI PROJECT.ASM   11-27-2020  20:54:44         PAGE 26


SYMBOL TABLE
  LABEL                             VALUE 

RX9                               00000006
RX9D                              00000000
RXDTP                             00000005
R_NOT_W                           00000002
R_W                               00000002
S                                 00000003
SBOREN                            00000006
SCKP                              00000004
SCS0                              00000000
SCS1                              00000001
SE0                               00000005
SEN                               00000000
SENDB                             00000003
SEVEN_7                           0000009A
SHOW0                             00000194
SHOW1                             000001A2
SHOW2                             000001AC
SHOW3                             000001B6
SHOW4                             000001BE
SHOW5                             000001C6
SHOW6                             000001CE
SHOW7                             000001D6
SHOW8                             000001DE
SHOW9                             000001E6
SHOWHASTAG                        000001F6
SHOWSTAR                          000001EE
SIX_6                             0000008E
SMP                               00000007
SOFIE                             00000006
SOFIF                             00000006
SPBRG                             00000FAF
SPBRGH                            00000FB0
SPEN                              00000007
SPP0                              00000000
SPP1                              00000001
SPP2                              00000002
SPP3                              00000003
SPP4                              00000004
SPP5                              00000005
SPP6                              00000006
SPP7                              00000007
SPPBUSY                           00000004
SPPCFG                            00000F63
SPPCON                            00000F65
SPPDATA                           00000F62
SPPEN                             00000000
SPPEPS                            00000F64
SPPIE                             00000007
SPPIF                             00000007
SPPIP                             00000007
SPPOWN                            00000001
SREN                              00000005
SSPADD                            00000FC8
MPASM  5.51                  MINI PROJECT.ASM   11-27-2020  20:54:44         PAGE 27


SYMBOL TABLE
  LABEL                             VALUE 

SSPBUF                            00000FC9
SSPCON1                           00000FC6
SSPCON2                           00000FC5
SSPEN                             00000005
SSPIE                             00000003
SSPIF                             00000003
SSPIP                             00000003
SSPM0                             00000000
SSPM1                             00000001
SSPM2                             00000002
SSPM3                             00000003
SSPOV                             00000006
SSPSTAT                           00000FC7
STALLIE                           00000005
STALLIF                           00000005
STAR                              000000BE
STATUS                            00000FD8
STKFUL                            00000007
STKOVF                            00000007
STKPTR                            00000FFC
STKPTR0                           00000000
STKPTR1                           00000001
STKPTR2                           00000002
STKPTR3                           00000003
STKPTR4                           00000004
STKUNF                            00000006
SUSPND                            00000001
SWDTE                             00000000
SWDTEN                            00000000
SYNC                              00000004
Second                            0000021E
T08BIT                            00000006
T0CKI                             00000004
T0CON                             00000FD5
T0CS                              00000005
T0IE                              00000005
T0IF                              00000002
T0IP                              00000002
T0PS0                             00000000
T0PS1                             00000001
T0PS2                             00000002
T0SE                              00000004
T13CKI                            00000000
T1CKPS0                           00000004
T1CKPS1                           00000005
T1CON                             00000FCD
T1OSCEN                           00000003
T1OSI                             00000001
T1OSO                             00000000
T1RUN                             00000006
T1SYNC                            00000002
T2CKPS0                           00000000
T2CKPS1                           00000001
MPASM  5.51                  MINI PROJECT.ASM   11-27-2020  20:54:44         PAGE 28


SYMBOL TABLE
  LABEL                             VALUE 

T2CON                             00000FCA
T2OUTPS0                          00000003
T2OUTPS1                          00000004
T2OUTPS2                          00000005
T2OUTPS3                          00000006
T3CCP1                            00000003
T3CCP2                            00000006
T3CKPS0                           00000004
T3CKPS1                           00000005
T3CON                             00000FB1
T3NSYNC                           00000002
T3SYNC                            00000002
TABLAT                            00000FF5
TBLPTR                            00000FF6
TBLPTRH                           00000FF7
TBLPTRL                           00000FF6
TBLPTRU                           00000FF8
THREE_3                           0000006A
TMR0                              00000FD6
TMR0H                             00000FD7
TMR0IE                            00000005
TMR0IF                            00000002
TMR0IP                            00000002
TMR0L                             00000FD6
TMR0ON                            00000007
TMR1                              00000FCE
TMR1CS                            00000001
TMR1H                             00000FCF
TMR1IE                            00000000
TMR1IF                            00000000
TMR1IP                            00000000
TMR1L                             00000FCE
TMR1ON                            00000000
TMR2                              00000FCC
TMR2IE                            00000001
TMR2IF                            00000001
TMR2IP                            00000001
TMR2ON                            00000002
TMR3                              00000FB2
TMR3CS                            00000001
TMR3H                             00000FB3
TMR3IE                            00000001
TMR3IF                            00000001
TMR3IP                            00000001
TMR3L                             00000FB2
TMR3ON                            00000000
TO                                00000003
TOS                               00000FFD
TOSH                              00000FFE
TOSL                              00000FFD
TOSU                              00000FFF
TOUTPS0                           00000003
TOUTPS1                           00000004
MPASM  5.51                  MINI PROJECT.ASM   11-27-2020  20:54:44         PAGE 29


SYMBOL TABLE
  LABEL                             VALUE 

TOUTPS2                           00000005
TOUTPS3                           00000006
TRISA                             00000F92
TRISA0                            00000000
TRISA1                            00000001
TRISA2                            00000002
TRISA3                            00000003
TRISA4                            00000004
TRISA5                            00000005
TRISA6                            00000006
TRISB                             00000F93
TRISB0                            00000000
TRISB1                            00000001
TRISB2                            00000002
TRISB3                            00000003
TRISB4                            00000004
TRISB5                            00000005
TRISB6                            00000006
TRISB7                            00000007
TRISC                             00000F94
TRISC0                            00000000
TRISC1                            00000001
TRISC2                            00000002
TRISC6                            00000006
TRISC7                            00000007
TRISD                             00000F95
TRISD0                            00000000
TRISD1                            00000001
TRISD2                            00000002
TRISD3                            00000003
TRISD4                            00000004
TRISD5                            00000005
TRISD6                            00000006
TRISD7                            00000007
TRISE                             00000F96
TRISE0                            00000000
TRISE1                            00000001
TRISE2                            00000002
TRMT                              00000001
TRNIE                             00000003
TRNIF                             00000003
TUN0                              00000000
TUN1                              00000001
TUN2                              00000002
TUN3                              00000003
TUN4                              00000004
TWO_2                             0000005E
TX                                00000006
TX9                               00000006
TX9D                              00000000
TXCKP                             00000004
TXEN                              00000005
TXIE                              00000004
MPASM  5.51                  MINI PROJECT.ASM   11-27-2020  20:54:44         PAGE 30


SYMBOL TABLE
  LABEL                             VALUE 

TXIF                              00000004
TXIP                              00000004
TXREG                             00000FAD
TXSTA                             00000FAC
UA                                00000001
UADDR                             00000F6E
UCFG                              00000F6F
UCON                              00000F6D
UEIE                              00000F6B
UEIR                              00000F6A
UEP0                              00000F70
UEP1                              00000F71
UEP10                             00000F7A
UEP11                             00000F7B
UEP12                             00000F7C
UEP13                             00000F7D
UEP14                             00000F7E
UEP15                             00000F7F
UEP2                              00000F72
UEP3                              00000F73
UEP4                              00000F74
UEP5                              00000F75
UEP6                              00000F76
UEP7                              00000F77
UEP8                              00000F78
UEP9                              00000F79
UERRIE                            00000001
UERRIF                            00000001
UFRM                              00000F66
UFRMH                             00000F67
UFRML                             00000F66
UIE                               00000F69
UIR                               00000F68
UOEMON                            00000006
UPUEN                             00000004
URSTIE                            00000000
URSTIF                            00000000
USBEN                             00000003
USBIE                             00000005
USBIF                             00000005
USBIP                             00000005
USTAT                             00000F6C
UTEYE                             00000007
UTRDIS                            00000003
VCFG0                             00000004
VCFG1                             00000005
VDIRMAG                           00000007
VREFM                             00000002
VREFP                             00000003
W                                 00000000
WCOL                              00000007
WDTCON                            00000FD1
WData                             00000186
MPASM  5.51                  MINI PROJECT.ASM   11-27-2020  20:54:44         PAGE 31


SYMBOL TABLE
  LABEL                             VALUE 

WR                                00000001
WREG                              00000FE8
WREN                              00000002
WRERR                             00000003
WRSPP                             00000006
WS0                               00000000
WS1                               00000001
WS2                               00000002
WS3                               00000003
WUE                               00000001
Z                                 00000002
ZERO_0                            00000046
_BORV_0_2L                        000000E7
_BORV_1_2L                        000000EF
_BORV_2_2L                        000000F7
_BORV_3_2L                        000000FF
_BOR_OFF_2L                       000000F9
_BOR_ON_2L                        000000FF
_BOR_ON_ACTIVE_2L                 000000FD
_BOR_SOFT_2L                      000000FB
_CCP2MX_OFF_3H                    000000FE
_CCP2MX_ON_3H                     000000FF
_CONFIG1H                         00300001
_CONFIG1L                         00300000
_CONFIG2H                         00300003
_CONFIG2L                         00300002
_CONFIG3H                         00300005
_CONFIG4L                         00300006
_CONFIG5H                         00300009
_CONFIG5L                         00300008
_CONFIG6H                         0030000B
_CONFIG6L                         0030000A
_CONFIG7H                         0030000D
_CONFIG7L                         0030000C
_CP0_OFF_5L                       000000FF
_CP0_ON_5L                        000000FE
_CP1_OFF_5L                       000000FF
_CP1_ON_5L                        000000FD
_CP2_OFF_5L                       000000FF
_CP2_ON_5L                        000000FB
_CP3_OFF_5L                       000000FF
_CP3_ON_5L                        000000F7
_CPB_OFF_5H                       000000FF
_CPB_ON_5H                        000000BF
_CPD_OFF_5H                       000000FF
_CPD_ON_5H                        0000007F
_CPUDIV_OSC1_PLL2_1L              000000E7
_CPUDIV_OSC2_PLL3_1L              000000EF
_CPUDIV_OSC3_PLL4_1L              000000F7
_CPUDIV_OSC4_PLL6_1L              000000FF
_DEBUG_OFF_4L                     000000FF
_DEBUG_ON_4L                      0000007F
_DEVID1                           003FFFFE
MPASM  5.51                  MINI PROJECT.ASM   11-27-2020  20:54:44         PAGE 32


SYMBOL TABLE
  LABEL                             VALUE 

_DEVID2                           003FFFFF
_EBTR0_OFF_7L                     000000FF
_EBTR0_ON_7L                      000000FE
_EBTR1_OFF_7L                     000000FF
_EBTR1_ON_7L                      000000FD
_EBTR2_OFF_7L                     000000FF
_EBTR2_ON_7L                      000000FB
_EBTR3_OFF_7L                     000000FF
_EBTR3_ON_7L                      000000F7
_EBTRB_OFF_7H                     000000FF
_EBTRB_ON_7H                      000000BF
_FCMEN_OFF_1H                     000000BF
_FCMEN_ON_1H                      000000FF
_FOSC_ECIO_EC_1H                  000000F4
_FOSC_ECPLLIO_EC_1H               000000F6
_FOSC_ECPLL_EC_1H                 000000F7
_FOSC_EC_EC_1H                    000000F5
_FOSC_HSPLL_HS_1H                 000000FE
_FOSC_HS_1H                       000000FC
_FOSC_INTOSCIO_EC_1H              000000F8
_FOSC_INTOSC_EC_1H                000000F9
_FOSC_INTOSC_HS_1H                000000FB
_FOSC_INTOSC_XT_1H                000000FA
_FOSC_XTPLL_XT_1H                 000000F2
_FOSC_XT_XT_1H                    000000F0
_ICPRT_OFF_4L                     000000DF
_ICPRT_ON_4L                      000000FF
_IDLOC0                           00200000
_IDLOC1                           00200001
_IDLOC2                           00200002
_IDLOC3                           00200003
_IDLOC4                           00200004
_IDLOC5                           00200005
_IDLOC6                           00200006
_IDLOC7                           00200007
_IESO_OFF_1H                      0000007F
_IESO_ON_1H                       000000FF
_LPT1OSC_OFF_3H                   000000FB
_LPT1OSC_ON_3H                    000000FF
_LVP_OFF_4L                       000000FB
_LVP_ON_4L                        000000FF
_MCLRE_OFF_3H                     0000007F
_MCLRE_ON_3H                      000000FF
_PBADEN_OFF_3H                    000000FD
_PBADEN_ON_3H                     000000FF
_PLLDIV_10_1L                     000000FE
_PLLDIV_12_1L                     000000FF
_PLLDIV_1_1L                      000000F8
_PLLDIV_2_1L                      000000F9
_PLLDIV_3_1L                      000000FA
_PLLDIV_4_1L                      000000FB
_PLLDIV_5_1L                      000000FC
_PLLDIV_6_1L                      000000FD
MPASM  5.51                  MINI PROJECT.ASM   11-27-2020  20:54:44         PAGE 33


SYMBOL TABLE
  LABEL                             VALUE 

_PWRT_OFF_2L                      000000FF
_PWRT_ON_2L                       000000FE
_STVREN_OFF_4L                    000000FE
_STVREN_ON_4L                     000000FF
_USBDIV_1_1L                      000000DF
_USBDIV_2_1L                      000000FF
_VREGEN_OFF_2L                    000000DF
_VREGEN_ON_2L                     000000FF
_WDTPS_1024_2H                    000000F5
_WDTPS_128_2H                     000000EF
_WDTPS_16384_2H                   000000FD
_WDTPS_16_2H                      000000E9
_WDTPS_1_2H                       000000E1
_WDTPS_2048_2H                    000000F7
_WDTPS_256_2H                     000000F1
_WDTPS_2_2H                       000000E3
_WDTPS_32768_2H                   000000FF
_WDTPS_32_2H                      000000EB
_WDTPS_4096_2H                    000000F9
_WDTPS_4_2H                       000000E5
_WDTPS_512_2H                     000000F3
_WDTPS_64_2H                      000000ED
_WDTPS_8192_2H                    000000FB
_WDTPS_8_2H                       000000E7
_WDT_OFF_2H                       000000FE
_WDT_ON_2H                        000000FF
_WRT0_OFF_6L                      000000FF
_WRT0_ON_6L                       000000FE
_WRT1_OFF_6L                      000000FF
_WRT1_ON_6L                       000000FD
_WRT2_OFF_6L                      000000FF
_WRT2_ON_6L                       000000FB
_WRT3_OFF_6L                      000000FF
_WRT3_ON_6L                       000000F7
_WRTB_OFF_6H                      000000FF
_WRTB_ON_6H                       000000BF
_WRTC_OFF_6H                      000000FF
_WRTC_ON_6H                       000000DF
_WRTD_OFF_6H                      000000FF
_WRTD_ON_6H                       0000007F
_XINST_OFF_4L                     000000BF
_XINST_ON_4L                      000000FF
__18F4550                         00000001
__DEBUG                           1
dup_nop                           
i                                 000000F7
loop_cnt1                         00000000
loop_cnt2                         00000001
start                             0000001A
MPASM  5.51                  MINI PROJECT.ASM   11-27-2020  20:54:44         PAGE 34


MEMORY USAGE MAP ('X' = Used,  '-' = Unused)


0000 : XXXX----XX------ --------XXXXXXXX XXXXXXXXXXXXXXXX XXXXXXXXXXXXXXXX
0040 : XXXXXXXXXXXXXXXX XXXXXXXXXXXXXXXX XXXXXXXXXXXXXXXX XXXXXXXXXXXXXXXX
0080 : XXXXXXXXXXXXXXXX XXXXXXXXXXXXXXXX XXXXXXXXXXXXXXXX XXXXXXXXXXXXXXXX
00C0 : XXXXXXXXXXXXXXXX XXXXXXXXXXXXXXXX XXXXXXXXXXXXXXXX XXXXXXXXXXXXXXXX
0100 : XXXXXXXXXXXXXXXX XXXXXXXXXXXXXXXX XXXXXXXXXXXXXXXX XXXXXXXXXXXXXXXX
0140 : XXXXXXXXXXXXXXXX XXXXXXXXXXXXXXXX XXXXXXXXXXXXXXXX XXXXXXXXXXXXXXXX
0180 : XXXXXXXXXXXXXXXX XXXXXXXXXXXXXXXX XXXXXXXXXXXXXXXX XXXXXXXXXXXXXXXX
01C0 : XXXXXXXXXXXXXXXX XXXXXXXXXXXXXXXX XXXXXXXXXXXXXXXX XXXXXXXXXXXXXXXX
0200 : XXXXXXXXXXXXXXXX XXXXXXXXXXXXXXXX XXXXXXXXXXXXXXXX XXXXXXXXXXXXXXXX
0240 : XXXXXXXXXXXXXXXX XXXXXXXXXXXXXXXX XXXXXXXXXXXXXXXX XXXXXXXXXXXXXXXX
0280 : XXXXXXXXXXXXXXXX XXXXXXXXXXXXXXXX XXXXXXXXXXXXXXXX XXXXXXXXXXXXXXXX
02C0 : XXXXXXXXXXXXXXXX XXXXXXXXXXXXXXXX XXXXXXXXXXXXXXXX XXXXXXXXXXXXXXXX
0300 : XXXXXXXXXXXXXXXX XXXXXXXXXXXXXXXX XXXXXXXXXXXXXXXX XXXXXXXXXXXXXXXX
0340 : XXXXXXXXXXXXXXXX XXXXXXXXXXXXXXXX XXXXXXXXXXXXXXXX XXXXXXXXXXXXXXXX
0380 : XXXXXXXXXXXXXXXX XXXXXXXXXXXXXXXX XXXXXXXXXXXXXXXX XXXXXXXXXXXXXXXX
03C0 : XXXXXXXXXXXXXXXX XXXXXXXXXXXXXXXX XXXXXXXXXXXXXXXX XXXXXXXXXXXXXXXX
0400 : XXXXXXXXXXXXXXXX XXXXXXXXXXXXXXXX XXXXXXXXXXXXXXXX XXXXXXXXXXXXXXXX

All other memory blocks unused.

Program Memory Bytes Used:  1070
Program Memory Bytes Free: 31698


Errors   :     0
Warnings :     0 reported,     0 suppressed
Messages :     0 reported,     0 suppressed

